2023-07-03T10:04:10.568-07:00 Using seed 1897234
2023-07-03T10:04:10.568-07:00 Running with CPU support: 1 threads
2023-07-03T10:04:10.709-07:00 Reading configuration file
2023-07-03T10:04:10.715-07:00 Setting up model
2023-07-03T10:04:10.717-07:00 Setting up priors for each parameter
2023-07-03T10:04:10.719-07:00 Renormalizing distribution for constraints
2023-07-03T10:04:10.995-07:00 Sampling in mchirp, q in place of mass1, mass2
2023-07-03T10:04:10.995-07:00 Loading waveform transforms
2023-07-03T10:04:11.018-07:00 Determining analysis times to use
2023-07-03T10:04:11.022-07:00 Generating Fake Strain
2023-07-03T10:04:11.022-07:00 Making PSD for strain
2023-07-03T10:04:11.035-07:00 Making colored noise
2023-07-03T10:04:14.952-07:00 Highpass Filtering
2023-07-03T10:04:15.101-07:00 Resampling data
2023-07-03T10:04:18.935-07:00 Applying injections
2023-07-03T10:04:20.129-07:00 Injecting at 1187008882.4281862, method is lal
2023-07-03T10:04:21.077-07:00 Converting to float64
2023-07-03T10:04:21.078-07:00 Highpass Filtering
2023-07-03T10:04:21.115-07:00 Remove Padding
2023-07-03T10:04:21.117-07:00 Generating Fake Strain
2023-07-03T10:04:21.117-07:00 Making PSD for strain
2023-07-03T10:04:21.129-07:00 Making colored noise
2023-07-03T10:04:24.910-07:00 Highpass Filtering
2023-07-03T10:04:25.053-07:00 Resampling data
2023-07-03T10:04:27.373-07:00 Applying injections
2023-07-03T10:04:28.464-07:00 Injecting at 1187008882.4281862, method is lal
2023-07-03T10:04:29.394-07:00 Converting to float64
2023-07-03T10:04:29.397-07:00 Highpass Filtering
2023-07-03T10:04:29.433-07:00 Remove Padding
2023-07-03T10:04:29.436-07:00 Generating Fake Strain
2023-07-03T10:04:29.436-07:00 Making PSD for strain
2023-07-03T10:04:29.449-07:00 Making colored noise
2023-07-03T10:04:33.171-07:00 Highpass Filtering
2023-07-03T10:04:33.323-07:00 Resampling data
2023-07-03T10:04:35.071-07:00 Applying injections
WARNING:root:WARNING: The following parameters are generally not used by CBC waveform generators: eos. If you have provided a transform that converted these into known parameters (e.g., mchirp, q to mass1, mass2) or you are using a custom model that uses these parameters, you can safely ignore this message.
WARNING:root:WARNING: The following parameters are generally not used by CBC waveform generators: eos. If you have provided a transform that converted these into known parameters (e.g., mchirp, q to mass1, mass2) or you are using a custom model that uses these parameters, you can safely ignore this message.
WARNING:root:WARNING: The following parameters are generally not used by CBC waveform generators: eos. If you have provided a transform that converted these into known parameters (e.g., mchirp, q to mass1, mass2) or you are using a custom model that uses these parameters, you can safely ignore this message.
WARNING:root:WARNING: The following parameters are generally not used by CBC waveform generators: eos. If you have provided a transform that converted these into known parameters (e.g., mchirp, q to mass1, mass2) or you are using a custom model that uses these parameters, you can safely ignore this message.
WARNING:root:WARNING: The following parameters are generally not used by CBC waveform generators: eos. If you have provided a transform that converted these into known parameters (e.g., mchirp, q to mass1, mass2) or you are using a custom model that uses these parameters, you can safely ignore this message.
WARNING:root:WARNING: The following parameters are generally not used by CBC waveform generators: eos. If you have provided a transform that converted these into known parameters (e.g., mchirp, q to mass1, mass2) or you are using a custom model that uses these parameters, you can safely ignore this message.
2023-07-03T10:04:36.114-07:00 Injecting at 1187008882.4281862, method is lal
WARNING:root:WARNING: The following parameters are generally not used by CBC waveform generators: eos. If you have provided a transform that converted these into known parameters (e.g., mchirp, q to mass1, mass2) or you are using a custom model that uses these parameters, you can safely ignore this message.
WARNING:root:WARNING: The following parameters are generally not used by CBC waveform generators: eos. If you have provided a transform that converted these into known parameters (e.g., mchirp, q to mass1, mass2) or you are using a custom model that uses these parameters, you can safely ignore this message.
WARNING:root:WARNING: The following parameters are generally not used by CBC waveform generators: eos. If you have provided a transform that converted these into known parameters (e.g., mchirp, q to mass1, mass2) or you are using a custom model that uses these parameters, you can safely ignore this message.
WARNING:root:WARNING: The following parameters are generally not used by CBC waveform generators: eos. If you have provided a transform that converted these into known parameters (e.g., mchirp, q to mass1, mass2) or you are using a custom model that uses these parameters, you can safely ignore this message.
WARNING:root:WARNING: The following parameters are generally not used by CBC waveform generators: eos. If you have provided a transform that converted these into known parameters (e.g., mchirp, q to mass1, mass2) or you are using a custom model that uses these parameters, you can safely ignore this message.
WARNING:root:WARNING: The following parameters are generally not used by CBC waveform generators: eos. If you have provided a transform that converted these into known parameters (e.g., mchirp, q to mass1, mass2) or you are using a custom model that uses these parameters, you can safely ignore this message.
WARNING:root:WARNING: The following parameters are generally not used by CBC waveform generators: eos. If you have provided a transform that converted these into known parameters (e.g., mchirp, q to mass1, mass2) or you are using a custom model that uses these parameters, you can safely ignore this message.
WARNING:root:WARNING: The following parameters are generally not used by CBC waveform generators: eos. If you have provided a transform that converted these into known parameters (e.g., mchirp, q to mass1, mass2) or you are using a custom model that uses these parameters, you can safely ignore this message.
WARNING:root:WARNING: The following parameters are generally not used by CBC waveform generators: eos. If you have provided a transform that converted these into known parameters (e.g., mchirp, q to mass1, mass2) or you are using a custom model that uses these parameters, you can safely ignore this message.
WARNING:root:WARNING: The following parameters are generally not used by CBC waveform generators: eos. If you have provided a transform that converted these into known parameters (e.g., mchirp, q to mass1, mass2) or you are using a custom model that uses these parameters, you can safely ignore this message.
WARNING:root:WARNING: The following parameters are generally not used by CBC waveform generators: eos. If you have provided a transform that converted these into known parameters (e.g., mchirp, q to mass1, mass2) or you are using a custom model that uses these parameters, you can safely ignore this message.
WARNING:root:WARNING: The following parameters are generally not used by CBC waveform generators: eos. If you have provided a transform that converted these into known parameters (e.g., mchirp, q to mass1, mass2) or you are using a custom model that uses these parameters, you can safely ignore this message.
WARNING:root:WARNING: The following parameters are generally not used by CBC waveform generators: eos. If you have provided a transform that converted these into known parameters (e.g., mchirp, q to mass1, mass2) or you are using a custom model that uses these parameters, you can safely ignore this message.
WARNING:root:WARNING: The following parameters are generally not used by CBC waveform generators: eos. If you have provided a transform that converted these into known parameters (e.g., mchirp, q to mass1, mass2) or you are using a custom model that uses these parameters, you can safely ignore this message.
WARNING:root:WARNING: The following parameters are generally not used by CBC waveform generators: eos. If you have provided a transform that converted these into known parameters (e.g., mchirp, q to mass1, mass2) or you are using a custom model that uses these parameters, you can safely ignore this message.
WARNING:root:WARNING: The following parameters are generally not used by CBC waveform generators: eos. If you have provided a transform that converted these into known parameters (e.g., mchirp, q to mass1, mass2) or you are using a custom model that uses these parameters, you can safely ignore this message.
WARNING:root:WARNING: The following parameters are generally not used by CBC waveform generators: eos. If you have provided a transform that converted these into known parameters (e.g., mchirp, q to mass1, mass2) or you are using a custom model that uses these parameters, you can safely ignore this message.
WARNING:root:WARNING: The following parameters are generally not used by CBC waveform generators: eos. If you have provided a transform that converted these into known parameters (e.g., mchirp, q to mass1, mass2) or you are using a custom model that uses these parameters, you can safely ignore this message.
WARNING:root:WARNING: The following parameters are generally not used by CBC waveform generators: eos. If you have provided a transform that converted these into known parameters (e.g., mchirp, q to mass1, mass2) or you are using a custom model that uses these parameters, you can safely ignore this message.
WARNING:root:WARNING: The following parameters are generally not used by CBC waveform generators: eos. If you have provided a transform that converted these into known parameters (e.g., mchirp, q to mass1, mass2) or you are using a custom model that uses these parameters, you can safely ignore this message.
WARNING:root:WARNING: The following parameters are generally not used by CBC waveform generators: eos. If you have provided a transform that converted these into known parameters (e.g., mchirp, q to mass1, mass2) or you are using a custom model that uses these parameters, you can safely ignore this message.
WARNING:root:WARNING: The following parameters are generally not used by CBC waveform generators: eos. If you have provided a transform that converted these into known parameters (e.g., mchirp, q to mass1, mass2) or you are using a custom model that uses these parameters, you can safely ignore this message.
WARNING:root:WARNING: The following parameters are generally not used by CBC waveform generators: eos. If you have provided a transform that converted these into known parameters (e.g., mchirp, q to mass1, mass2) or you are using a custom model that uses these parameters, you can safely ignore this message.
WARNING:root:WARNING: The following parameters are generally not used by CBC waveform generators: eos. If you have provided a transform that converted these into known parameters (e.g., mchirp, q to mass1, mass2) or you are using a custom model that uses these parameters, you can safely ignore this message.
WARNING:root:WARNING: The following parameters are generally not used by CBC waveform generators: eos. If you have provided a transform that converted these into known parameters (e.g., mchirp, q to mass1, mass2) or you are using a custom model that uses these parameters, you can safely ignore this message.
WARNING:root:WARNING: The following parameters are generally not used by CBC waveform generators: eos. If you have provided a transform that converted these into known parameters (e.g., mchirp, q to mass1, mass2) or you are using a custom model that uses these parameters, you can safely ignore this message.
WARNING:root:WARNING: The following parameters are generally not used by CBC waveform generators: eos. If you have provided a transform that converted these into known parameters (e.g., mchirp, q to mass1, mass2) or you are using a custom model that uses these parameters, you can safely ignore this message.
WARNING:root:WARNING: The following parameters are generally not used by CBC waveform generators: eos. If you have provided a transform that converted these into known parameters (e.g., mchirp, q to mass1, mass2) or you are using a custom model that uses these parameters, you can safely ignore this message.
WARNING:root:WARNING: The following parameters are generally not used by CBC waveform generators: eos. If you have provided a transform that converted these into known parameters (e.g., mchirp, q to mass1, mass2) or you are using a custom model that uses these parameters, you can safely ignore this message.
WARNING:root:WARNING: The following parameters are generally not used by CBC waveform generators: eos. If you have provided a transform that converted these into known parameters (e.g., mchirp, q to mass1, mass2) or you are using a custom model that uses these parameters, you can safely ignore this message.
WARNING:root:WARNING: The following parameters are generally not used by CBC waveform generators: eos. If you have provided a transform that converted these into known parameters (e.g., mchirp, q to mass1, mass2) or you are using a custom model that uses these parameters, you can safely ignore this message.
WARNING:root:WARNING: The following parameters are generally not used by CBC waveform generators: eos. If you have provided a transform that converted these into known parameters (e.g., mchirp, q to mass1, mass2) or you are using a custom model that uses these parameters, you can safely ignore this message.
WARNING:root:WARNING: The following parameters are generally not used by CBC waveform generators: eos. If you have provided a transform that converted these into known parameters (e.g., mchirp, q to mass1, mass2) or you are using a custom model that uses these parameters, you can safely ignore this message.
WARNING:root:WARNING: The following parameters are generally not used by CBC waveform generators: eos. If you have provided a transform that converted these into known parameters (e.g., mchirp, q to mass1, mass2) or you are using a custom model that uses these parameters, you can safely ignore this message.
WARNING:root:WARNING: The following parameters are generally not used by CBC waveform generators: eos. If you have provided a transform that converted these into known parameters (e.g., mchirp, q to mass1, mass2) or you are using a custom model that uses these parameters, you can safely ignore this message.
WARNING:root:WARNING: The following parameters are generally not used by CBC waveform generators: eos. If you have provided a transform that converted these into known parameters (e.g., mchirp, q to mass1, mass2) or you are using a custom model that uses these parameters, you can safely ignore this message.
WARNING:root:WARNING: The following parameters are generally not used by CBC waveform generators: eos. If you have provided a transform that converted these into known parameters (e.g., mchirp, q to mass1, mass2) or you are using a custom model that uses these parameters, you can safely ignore this message.
WARNING:root:WARNING: The following parameters are generally not used by CBC waveform generators: eos. If you have provided a transform that converted these into known parameters (e.g., mchirp, q to mass1, mass2) or you are using a custom model that uses these parameters, you can safely ignore this message.
WARNING:root:WARNING: The following parameters are generally not used by CBC waveform generators: eos. If you have provided a transform that converted these into known parameters (e.g., mchirp, q to mass1, mass2) or you are using a custom model that uses these parameters, you can safely ignore this message.
WARNING:root:WARNING: The following parameters are generally not used by CBC waveform generators: eos. If you have provided a transform that converted these into known parameters (e.g., mchirp, q to mass1, mass2) or you are using a custom model that uses these parameters, you can safely ignore this message.
WARNING:root:WARNING: The following parameters are generally not used by CBC waveform generators: eos. If you have provided a transform that converted these into known parameters (e.g., mchirp, q to mass1, mass2) or you are using a custom model that uses these parameters, you can safely ignore this message.
WARNING:root:WARNING: The following parameters are generally not used by CBC waveform generators: eos. If you have provided a transform that converted these into known parameters (e.g., mchirp, q to mass1, mass2) or you are using a custom model that uses these parameters, you can safely ignore this message.
WARNING:root:WARNING: The following parameters are generally not used by CBC waveform generators: eos. If you have provided a transform that converted these into known parameters (e.g., mchirp, q to mass1, mass2) or you are using a custom model that uses these parameters, you can safely ignore this message.
WARNING:root:WARNING: The following parameters are generally not used by CBC waveform generators: eos. If you have provided a transform that converted these into known parameters (e.g., mchirp, q to mass1, mass2) or you are using a custom model that uses these parameters, you can safely ignore this message.
WARNING:root:WARNING: The following parameters are generally not used by CBC waveform generators: eos. If you have provided a transform that converted these into known parameters (e.g., mchirp, q to mass1, mass2) or you are using a custom model that uses these parameters, you can safely ignore this message.
WARNING:root:WARNING: The following parameters are generally not used by CBC waveform generators: eos. If you have provided a transform that converted these into known parameters (e.g., mchirp, q to mass1, mass2) or you are using a custom model that uses these parameters, you can safely ignore this message.
WARNING:root:WARNING: The following parameters are generally not used by CBC waveform generators: eos. If you have provided a transform that converted these into known parameters (e.g., mchirp, q to mass1, mass2) or you are using a custom model that uses these parameters, you can safely ignore this message.
WARNING:root:WARNING: The following parameters are generally not used by CBC waveform generators: eos. If you have provided a transform that converted these into known parameters (e.g., mchirp, q to mass1, mass2) or you are using a custom model that uses these parameters, you can safely ignore this message.
WARNING:root:WARNING: The following parameters are generally not used by CBC waveform generators: eos. If you have provided a transform that converted these into known parameters (e.g., mchirp, q to mass1, mass2) or you are using a custom model that uses these parameters, you can safely ignore this message.
WARNING:root:WARNING: The following parameters are generally not used by CBC waveform generators: eos. If you have provided a transform that converted these into known parameters (e.g., mchirp, q to mass1, mass2) or you are using a custom model that uses these parameters, you can safely ignore this message.
2023-07-03T10:04:37.126-07:00 Converting to float64
2023-07-03T10:04:37.127-07:00 Highpass Filtering
WARNING:root:WARNING: The following parameters are generally not used by CBC waveform generators: eos. If you have provided a transform that converted these into known parameters (e.g., mchirp, q to mass1, mass2) or you are using a custom model that uses these parameters, you can safely ignore this message.
2023-07-03T10:04:37.164-07:00 Remove Padding
WARNING:root:WARNING: The following parameters are generally not used by CBC waveform generators: eos. If you have provided a transform that converted these into known parameters (e.g., mchirp, q to mass1, mass2) or you are using a custom model that uses these parameters, you can safely ignore this message.
WARNING:root:WARNING: The following parameters are generally not used by CBC waveform generators: eos. If you have provided a transform that converted these into known parameters (e.g., mchirp, q to mass1, mass2) or you are using a custom model that uses these parameters, you can safely ignore this message.
WARNING:root:WARNING: The following parameters are generally not used by CBC waveform generators: eos. If you have provided a transform that converted these into known parameters (e.g., mchirp, q to mass1, mass2) or you are using a custom model that uses these parameters, you can safely ignore this message.
WARNING:root:WARNING: The following parameters are generally not used by CBC waveform generators: eos. If you have provided a transform that converted these into known parameters (e.g., mchirp, q to mass1, mass2) or you are using a custom model that uses these parameters, you can safely ignore this message.
WARNING:root:WARNING: The following parameters are generally not used by CBC waveform generators: eos. If you have provided a transform that converted these into known parameters (e.g., mchirp, q to mass1, mass2) or you are using a custom model that uses these parameters, you can safely ignore this message.
WARNING:root:WARNING: The following parameters are generally not used by CBC waveform generators: eos. If you have provided a transform that converted these into known parameters (e.g., mchirp, q to mass1, mass2) or you are using a custom model that uses these parameters, you can safely ignore this message.
WARNING:root:WARNING: The following parameters are generally not used by CBC waveform generators: eos. If you have provided a transform that converted these into known parameters (e.g., mchirp, q to mass1, mass2) or you are using a custom model that uses these parameters, you can safely ignore this message.
WARNING:root:WARNING: The following parameters are generally not used by CBC waveform generators: eos. If you have provided a transform that converted these into known parameters (e.g., mchirp, q to mass1, mass2) or you are using a custom model that uses these parameters, you can safely ignore this message.
WARNING:root:WARNING: The following parameters are generally not used by CBC waveform generators: eos. If you have provided a transform that converted these into known parameters (e.g., mchirp, q to mass1, mass2) or you are using a custom model that uses these parameters, you can safely ignore this message.
WARNING:root:WARNING: The following parameters are generally not used by CBC waveform generators: eos. If you have provided a transform that converted these into known parameters (e.g., mchirp, q to mass1, mass2) or you are using a custom model that uses these parameters, you can safely ignore this message.
WARNING:root:WARNING: The following parameters are generally not used by CBC waveform generators: eos. If you have provided a transform that converted these into known parameters (e.g., mchirp, q to mass1, mass2) or you are using a custom model that uses these parameters, you can safely ignore this message.
WARNING:root:WARNING: The following parameters are generally not used by CBC waveform generators: eos. If you have provided a transform that converted these into known parameters (e.g., mchirp, q to mass1, mass2) or you are using a custom model that uses these parameters, you can safely ignore this message.
2023-07-03T10:04:37.309-07:00 Running under mpi with size: 128, rank: 0
2023-07-03T10:04:37.309-07:00 WARNING: The following parameters are generally not used by CBC waveform generators: eos. If you have provided a transform that converted these into known parameters (e.g., mchirp, q to mass1, mass2) or you are using a custom model that uses these parameters, you can safely ignore this message.
WARNING:root:WARNING: The following parameters are generally not used by CBC waveform generators: eos. If you have provided a transform that converted these into known parameters (e.g., mchirp, q to mass1, mass2) or you are using a custom model that uses these parameters, you can safely ignore this message.
WARNING:root:WARNING: The following parameters are generally not used by CBC waveform generators: eos. If you have provided a transform that converted these into known parameters (e.g., mchirp, q to mass1, mass2) or you are using a custom model that uses these parameters, you can safely ignore this message.
2023-07-03T10:04:37.314-07:00 Setting up sampler
2023-07-03T10:04:37.314-07:00 Running under mpi with size: 128, rank: 0
WARNING:root:WARNING: The following parameters are generally not used by CBC waveform generators: eos. If you have provided a transform that converted these into known parameters (e.g., mchirp, q to mass1, mass2) or you are using a custom model that uses these parameters, you can safely ignore this message.
WARNING:root:WARNING: The following parameters are generally not used by CBC waveform generators: eos. If you have provided a transform that converted these into known parameters (e.g., mchirp, q to mass1, mass2) or you are using a custom model that uses these parameters, you can safely ignore this message.
WARNING:root:WARNING: The following parameters are generally not used by CBC waveform generators: eos. If you have provided a transform that converted these into known parameters (e.g., mchirp, q to mass1, mass2) or you are using a custom model that uses these parameters, you can safely ignore this message.
WARNING:root:WARNING: The following parameters are generally not used by CBC waveform generators: eos. If you have provided a transform that converted these into known parameters (e.g., mchirp, q to mass1, mass2) or you are using a custom model that uses these parameters, you can safely ignore this message.
WARNING:root:WARNING: The following parameters are generally not used by CBC waveform generators: eos. If you have provided a transform that converted these into known parameters (e.g., mchirp, q to mass1, mass2) or you are using a custom model that uses these parameters, you can safely ignore this message.
WARNING:root:WARNING: The following parameters are generally not used by CBC waveform generators: eos. If you have provided a transform that converted these into known parameters (e.g., mchirp, q to mass1, mass2) or you are using a custom model that uses these parameters, you can safely ignore this message.
WARNING:root:WARNING: The following parameters are generally not used by CBC waveform generators: eos. If you have provided a transform that converted these into known parameters (e.g., mchirp, q to mass1, mass2) or you are using a custom model that uses these parameters, you can safely ignore this message.
WARNING:root:WARNING: The following parameters are generally not used by CBC waveform generators: eos. If you have provided a transform that converted these into known parameters (e.g., mchirp, q to mass1, mass2) or you are using a custom model that uses these parameters, you can safely ignore this message.
WARNING:root:WARNING: The following parameters are generally not used by CBC waveform generators: eos. If you have provided a transform that converted these into known parameters (e.g., mchirp, q to mass1, mass2) or you are using a custom model that uses these parameters, you can safely ignore this message.
2023-07-03T10:04:37.403-07:00 Running with MPI on 127 cores
2023-07-03T10:04:37.403-07:00 NOTE: that for MPI process size determined by MPI launch size, not the processes argument
2023-07-03T10:04:37.403-07:00 Setting max samples per chain to 1000
2023-07-03T10:04:37.404-07:00 Looking for checkpoint file
WARNING:root:WARNING: The following parameters are generally not used by CBC waveform generators: eos. If you have provided a transform that converted these into known parameters (e.g., mchirp, q to mass1, mass2) or you are using a custom model that uses these parameters, you can safely ignore this message.
WARNING:root:WARNING: The following parameters are generally not used by CBC waveform generators: eos. If you have provided a transform that converted these into known parameters (e.g., mchirp, q to mass1, mass2) or you are using a custom model that uses these parameters, you can safely ignore this message.
2023-07-03T10:04:37.431-07:00 Checkpoint not found or not valid
2023-07-03T10:04:37.431-07:00 Creating file cs5_SLy_1p41p4.hdf.checkpoint
WARNING:root:WARNING: The following parameters are generally not used by CBC waveform generators: eos. If you have provided a transform that converted these into known parameters (e.g., mchirp, q to mass1, mass2) or you are using a custom model that uses these parameters, you can safely ignore this message.
WARNING:root:WARNING: The following parameters are generally not used by CBC waveform generators: eos. If you have provided a transform that converted these into known parameters (e.g., mchirp, q to mass1, mass2) or you are using a custom model that uses these parameters, you can safely ignore this message.
WARNING:root:WARNING: The following parameters are generally not used by CBC waveform generators: eos. If you have provided a transform that converted these into known parameters (e.g., mchirp, q to mass1, mass2) or you are using a custom model that uses these parameters, you can safely ignore this message.
2023-07-03T10:04:37.453-07:00 Writing injection file to output
WARNING:root:WARNING: The following parameters are generally not used by CBC waveform generators: eos. If you have provided a transform that converted these into known parameters (e.g., mchirp, q to mass1, mass2) or you are using a custom model that uses these parameters, you can safely ignore this message.
WARNING:root:WARNING: The following parameters are generally not used by CBC waveform generators: eos. If you have provided a transform that converted these into known parameters (e.g., mchirp, q to mass1, mass2) or you are using a custom model that uses these parameters, you can safely ignore this message.
WARNING:root:WARNING: The following parameters are generally not used by CBC waveform generators: eos. If you have provided a transform that converted these into known parameters (e.g., mchirp, q to mass1, mass2) or you are using a custom model that uses these parameters, you can safely ignore this message.
2023-07-03T10:04:37.521-07:00 Running sampler for 0 to 1000 iterations
WARNING:root:WARNING: The following parameters are generally not used by CBC waveform generators: eos. If you have provided a transform that converted these into known parameters (e.g., mchirp, q to mass1, mass2) or you are using a custom model that uses these parameters, you can safely ignore this message.
WARNING:root:WARNING: The following parameters are generally not used by CBC waveform generators: eos. If you have provided a transform that converted these into known parameters (e.g., mchirp, q to mass1, mass2) or you are using a custom model that uses these parameters, you can safely ignore this message.
WARNING:root:WARNING: The following parameters are generally not used by CBC waveform generators: eos. If you have provided a transform that converted these into known parameters (e.g., mchirp, q to mass1, mass2) or you are using a custom model that uses these parameters, you can safely ignore this message.
WARNING:root:WARNING: The following parameters are generally not used by CBC waveform generators: eos. If you have provided a transform that converted these into known parameters (e.g., mchirp, q to mass1, mass2) or you are using a custom model that uses these parameters, you can safely ignore this message.
WARNING:root:WARNING: The following parameters are generally not used by CBC waveform generators: eos. If you have provided a transform that converted these into known parameters (e.g., mchirp, q to mass1, mass2) or you are using a custom model that uses these parameters, you can safely ignore this message.
WARNING:root:WARNING: The following parameters are generally not used by CBC waveform generators: eos. If you have provided a transform that converted these into known parameters (e.g., mchirp, q to mass1, mass2) or you are using a custom model that uses these parameters, you can safely ignore this message.
WARNING:root:WARNING: The following parameters are generally not used by CBC waveform generators: eos. If you have provided a transform that converted these into known parameters (e.g., mchirp, q to mass1, mass2) or you are using a custom model that uses these parameters, you can safely ignore this message.
WARNING:root:WARNING: The following parameters are generally not used by CBC waveform generators: eos. If you have provided a transform that converted these into known parameters (e.g., mchirp, q to mass1, mass2) or you are using a custom model that uses these parameters, you can safely ignore this message.
WARNING:root:WARNING: The following parameters are generally not used by CBC waveform generators: eos. If you have provided a transform that converted these into known parameters (e.g., mchirp, q to mass1, mass2) or you are using a custom model that uses these parameters, you can safely ignore this message.
WARNING:root:WARNING: The following parameters are generally not used by CBC waveform generators: eos. If you have provided a transform that converted these into known parameters (e.g., mchirp, q to mass1, mass2) or you are using a custom model that uses these parameters, you can safely ignore this message.
WARNING:root:WARNING: The following parameters are generally not used by CBC waveform generators: eos. If you have provided a transform that converted these into known parameters (e.g., mchirp, q to mass1, mass2) or you are using a custom model that uses these parameters, you can safely ignore this message.
WARNING:root:WARNING: The following parameters are generally not used by CBC waveform generators: eos. If you have provided a transform that converted these into known parameters (e.g., mchirp, q to mass1, mass2) or you are using a custom model that uses these parameters, you can safely ignore this message.
WARNING:root:WARNING: The following parameters are generally not used by CBC waveform generators: eos. If you have provided a transform that converted these into known parameters (e.g., mchirp, q to mass1, mass2) or you are using a custom model that uses these parameters, you can safely ignore this message.
WARNING:root:WARNING: The following parameters are generally not used by CBC waveform generators: eos. If you have provided a transform that converted these into known parameters (e.g., mchirp, q to mass1, mass2) or you are using a custom model that uses these parameters, you can safely ignore this message.
WARNING:root:WARNING: The following parameters are generally not used by CBC waveform generators: eos. If you have provided a transform that converted these into known parameters (e.g., mchirp, q to mass1, mass2) or you are using a custom model that uses these parameters, you can safely ignore this message.
WARNING:root:WARNING: The following parameters are generally not used by CBC waveform generators: eos. If you have provided a transform that converted these into known parameters (e.g., mchirp, q to mass1, mass2) or you are using a custom model that uses these parameters, you can safely ignore this message.
WARNING:root:WARNING: The following parameters are generally not used by CBC waveform generators: eos. If you have provided a transform that converted these into known parameters (e.g., mchirp, q to mass1, mass2) or you are using a custom model that uses these parameters, you can safely ignore this message.
WARNING:root:WARNING: The following parameters are generally not used by CBC waveform generators: eos. If you have provided a transform that converted these into known parameters (e.g., mchirp, q to mass1, mass2) or you are using a custom model that uses these parameters, you can safely ignore this message.
WARNING:root:WARNING: The following parameters are generally not used by CBC waveform generators: eos. If you have provided a transform that converted these into known parameters (e.g., mchirp, q to mass1, mass2) or you are using a custom model that uses these parameters, you can safely ignore this message.
WARNING:root:WARNING: The following parameters are generally not used by CBC waveform generators: eos. If you have provided a transform that converted these into known parameters (e.g., mchirp, q to mass1, mass2) or you are using a custom model that uses these parameters, you can safely ignore this message.
WARNING:root:WARNING: The following parameters are generally not used by CBC waveform generators: eos. If you have provided a transform that converted these into known parameters (e.g., mchirp, q to mass1, mass2) or you are using a custom model that uses these parameters, you can safely ignore this message.
WARNING:root:WARNING: The following parameters are generally not used by CBC waveform generators: eos. If you have provided a transform that converted these into known parameters (e.g., mchirp, q to mass1, mass2) or you are using a custom model that uses these parameters, you can safely ignore this message.
WARNING:root:WARNING: The following parameters are generally not used by CBC waveform generators: eos. If you have provided a transform that converted these into known parameters (e.g., mchirp, q to mass1, mass2) or you are using a custom model that uses these parameters, you can safely ignore this message.
WARNING:root:WARNING: The following parameters are generally not used by CBC waveform generators: eos. If you have provided a transform that converted these into known parameters (e.g., mchirp, q to mass1, mass2) or you are using a custom model that uses these parameters, you can safely ignore this message.
WARNING:root:WARNING: The following parameters are generally not used by CBC waveform generators: eos. If you have provided a transform that converted these into known parameters (e.g., mchirp, q to mass1, mass2) or you are using a custom model that uses these parameters, you can safely ignore this message.
WARNING:root:WARNING: The following parameters are generally not used by CBC waveform generators: eos. If you have provided a transform that converted these into known parameters (e.g., mchirp, q to mass1, mass2) or you are using a custom model that uses these parameters, you can safely ignore this message.
WARNING:root:WARNING: The following parameters are generally not used by CBC waveform generators: eos. If you have provided a transform that converted these into known parameters (e.g., mchirp, q to mass1, mass2) or you are using a custom model that uses these parameters, you can safely ignore this message.
WARNING:root:WARNING: The following parameters are generally not used by CBC waveform generators: eos. If you have provided a transform that converted these into known parameters (e.g., mchirp, q to mass1, mass2) or you are using a custom model that uses these parameters, you can safely ignore this message.
WARNING:root:WARNING: The following parameters are generally not used by CBC waveform generators: eos. If you have provided a transform that converted these into known parameters (e.g., mchirp, q to mass1, mass2) or you are using a custom model that uses these parameters, you can safely ignore this message.
WARNING:root:WARNING: The following parameters are generally not used by CBC waveform generators: eos. If you have provided a transform that converted these into known parameters (e.g., mchirp, q to mass1, mass2) or you are using a custom model that uses these parameters, you can safely ignore this message.
WARNING:root:WARNING: The following parameters are generally not used by CBC waveform generators: eos. If you have provided a transform that converted these into known parameters (e.g., mchirp, q to mass1, mass2) or you are using a custom model that uses these parameters, you can safely ignore this message.
WARNING:root:WARNING: The following parameters are generally not used by CBC waveform generators: eos. If you have provided a transform that converted these into known parameters (e.g., mchirp, q to mass1, mass2) or you are using a custom model that uses these parameters, you can safely ignore this message.
WARNING:root:WARNING: The following parameters are generally not used by CBC waveform generators: eos. If you have provided a transform that converted these into known parameters (e.g., mchirp, q to mass1, mass2) or you are using a custom model that uses these parameters, you can safely ignore this message.
WARNING:root:WARNING: The following parameters are generally not used by CBC waveform generators: eos. If you have provided a transform that converted these into known parameters (e.g., mchirp, q to mass1, mass2) or you are using a custom model that uses these parameters, you can safely ignore this message.
WARNING:root:WARNING: The following parameters are generally not used by CBC waveform generators: eos. If you have provided a transform that converted these into known parameters (e.g., mchirp, q to mass1, mass2) or you are using a custom model that uses these parameters, you can safely ignore this message.
WARNING:root:WARNING: The following parameters are generally not used by CBC waveform generators: eos. If you have provided a transform that converted these into known parameters (e.g., mchirp, q to mass1, mass2) or you are using a custom model that uses these parameters, you can safely ignore this message.
WARNING:root:WARNING: The following parameters are generally not used by CBC waveform generators: eos. If you have provided a transform that converted these into known parameters (e.g., mchirp, q to mass1, mass2) or you are using a custom model that uses these parameters, you can safely ignore this message.
WARNING:root:WARNING: The following parameters are generally not used by CBC waveform generators: eos. If you have provided a transform that converted these into known parameters (e.g., mchirp, q to mass1, mass2) or you are using a custom model that uses these parameters, you can safely ignore this message.
WARNING:root:WARNING: The following parameters are generally not used by CBC waveform generators: eos. If you have provided a transform that converted these into known parameters (e.g., mchirp, q to mass1, mass2) or you are using a custom model that uses these parameters, you can safely ignore this message.
2023-07-03T10:57:00.916-07:00 Writing samples to cs5_SLy_1p41p4.hdf.checkpoint with thin interval 2
2023-07-03T10:57:01.625-07:00 Writing samples to cs5_SLy_1p41p4.hdf.bkup with thin interval 2
2023-07-03T10:57:02.345-07:00 Updating burn in
2023-07-03T10:57:02.346-07:00 Evaluating nacl burn-in test
2023-07-03T10:57:02.626-07:00 ACT: 72.0
2023-07-03T10:57:02.628-07:00 Evaluating max_posterior burn-in test
2023-07-03T10:57:02.634-07:00 Is burned in: True
2023-07-03T10:57:02.634-07:00 Burn-in iteration: 500
2023-07-03T10:57:02.644-07:00 Computing autocorrelation time
2023-07-03T10:57:02.949-07:00 ACT: 72.0
2023-07-03T10:57:02.966-07:00 Validating checkpoint and backup files
2023-07-03T10:57:02.979-07:00 Clearing samples from memory
2023-07-03T10:57:02.980-07:00 Have 1400 effective samples post burn in
2023-07-03T10:57:02.980-07:00 Running sampler for 1000 to 2000 iterations
2023-07-03T11:48:55.497-07:00 Thinning samples in cs5_SLy_1p41p4.hdf.checkpoint by a factor of 4
2023-07-03T11:48:56.888-07:00 Writing samples to cs5_SLy_1p41p4.hdf.checkpoint with thin interval 4
2023-07-03T11:48:57.505-07:00 Thinning samples in cs5_SLy_1p41p4.hdf.bkup by a factor of 4
2023-07-03T11:48:58.908-07:00 Writing samples to cs5_SLy_1p41p4.hdf.bkup with thin interval 4
2023-07-03T11:48:59.548-07:00 Updating burn in
2023-07-03T11:48:59.548-07:00 Evaluating nacl burn-in test
2023-07-03T11:48:59.825-07:00 ACT: 144.0
2023-07-03T11:48:59.826-07:00 Evaluating max_posterior burn-in test
2023-07-03T11:48:59.832-07:00 Is burned in: True
2023-07-03T11:48:59.832-07:00 Burn-in iteration: 1000
2023-07-03T11:48:59.841-07:00 Computing autocorrelation time
2023-07-03T11:49:00.145-07:00 ACT: 144.0
2023-07-03T11:49:00.165-07:00 Validating checkpoint and backup files
2023-07-03T11:49:00.179-07:00 Clearing samples from memory
2023-07-03T11:49:00.181-07:00 Have 1400 effective samples post burn in
2023-07-03T11:49:00.181-07:00 Running sampler for 2000 to 3000 iterations
