2023-07-03T09:28:33.005-07:00 Using seed 1897234
2023-07-03T09:28:33.005-07:00 Running with CPU support: 1 threads
2023-07-03T09:28:33.189-07:00 Reading configuration file
2023-07-03T09:28:33.196-07:00 Setting up model
2023-07-03T09:28:33.199-07:00 Setting up priors for each parameter
2023-07-03T09:28:33.203-07:00 Renormalizing distribution for constraints
2023-07-03T09:28:33.636-07:00 Sampling in mchirp, q in place of mass1, mass2
2023-07-03T09:28:33.636-07:00 Loading waveform transforms
2023-07-03T09:28:33.657-07:00 Determining analysis times to use
2023-07-03T09:28:33.660-07:00 Generating Fake Strain
2023-07-03T09:28:33.660-07:00 Making PSD for strain
2023-07-03T09:28:33.675-07:00 Making colored noise
2023-07-03T09:28:37.577-07:00 Highpass Filtering
2023-07-03T09:28:37.785-07:00 Resampling data
2023-07-03T09:30:40.777-07:00 Applying injections
2023-07-03T09:30:42.300-07:00 Injecting at 1187008882.4281862, method is lal
2023-07-03T09:30:43.550-07:00 Converting to float64
2023-07-03T09:30:43.551-07:00 Highpass Filtering
2023-07-03T09:30:43.601-07:00 Remove Padding
2023-07-03T09:30:43.604-07:00 Generating Fake Strain
2023-07-03T09:30:43.604-07:00 Making PSD for strain
2023-07-03T09:30:43.643-07:00 Making colored noise
2023-07-03T09:30:48.342-07:00 Highpass Filtering
2023-07-03T09:30:48.543-07:00 Resampling data
2023-07-03T09:34:34.688-07:00 Applying injections
2023-07-03T09:34:35.934-07:00 Injecting at 1187008882.4281862, method is lal
2023-07-03T09:34:37.130-07:00 Converting to float64
2023-07-03T09:34:37.131-07:00 Highpass Filtering
2023-07-03T09:34:37.180-07:00 Remove Padding
2023-07-03T09:34:37.183-07:00 Generating Fake Strain
2023-07-03T09:34:37.184-07:00 Making PSD for strain
2023-07-03T09:34:37.209-07:00 Making colored noise
2023-07-03T09:34:41.868-07:00 Highpass Filtering
2023-07-03T09:34:42.066-07:00 Resampling data
2023-07-03T09:36:49.769-07:00 Applying injections
2023-07-03T09:36:51.017-07:00 Injecting at 1187008882.4281862, method is lal
WARNING:root:WARNING: The following parameters are generally not used by CBC waveform generators: eos. If you have provided a transform that converted these into known parameters (e.g., mchirp, q to mass1, mass2) or you are using a custom model that uses these parameters, you can safely ignore this message.
2023-07-03T09:36:52.298-07:00 Converting to float64
2023-07-03T09:36:52.301-07:00 Highpass Filtering
2023-07-03T09:36:52.354-07:00 Remove Padding
2023-07-03T09:36:52.587-07:00 Running under mpi with size: 128, rank: 0
2023-07-03T09:36:52.590-07:00 WARNING: The following parameters are generally not used by CBC waveform generators: eos. If you have provided a transform that converted these into known parameters (e.g., mchirp, q to mass1, mass2) or you are using a custom model that uses these parameters, you can safely ignore this message.
2023-07-03T09:36:52.595-07:00 Setting up sampler
2023-07-03T09:36:52.595-07:00 Running under mpi with size: 128, rank: 0
2023-07-03T09:36:53.058-07:00 Running with MPI on 127 cores
2023-07-03T09:36:53.058-07:00 NOTE: that for MPI process size determined by MPI launch size, not the processes argument
2023-07-03T09:36:53.059-07:00 Setting max samples per chain to 1000
2023-07-03T09:36:53.059-07:00 Looking for checkpoint file
2023-07-03T09:36:53.096-07:00 Checkpoint not found or not valid
2023-07-03T09:36:53.096-07:00 Creating file cs5_SLy_1p41p4.hdf.checkpoint
2023-07-03T09:36:53.127-07:00 Writing injection file to output
2023-07-03T09:36:53.236-07:00 Running sampler for 0 to 1000 iterations
WARNING:root:WARNING: The following parameters are generally not used by CBC waveform generators: eos. If you have provided a transform that converted these into known parameters (e.g., mchirp, q to mass1, mass2) or you are using a custom model that uses these parameters, you can safely ignore this message.
WARNING:root:WARNING: The following parameters are generally not used by CBC waveform generators: eos. If you have provided a transform that converted these into known parameters (e.g., mchirp, q to mass1, mass2) or you are using a custom model that uses these parameters, you can safely ignore this message.
WARNING:root:WARNING: The following parameters are generally not used by CBC waveform generators: eos. If you have provided a transform that converted these into known parameters (e.g., mchirp, q to mass1, mass2) or you are using a custom model that uses these parameters, you can safely ignore this message.
WARNING:root:WARNING: The following parameters are generally not used by CBC waveform generators: eos. If you have provided a transform that converted these into known parameters (e.g., mchirp, q to mass1, mass2) or you are using a custom model that uses these parameters, you can safely ignore this message.
WARNING:root:WARNING: The following parameters are generally not used by CBC waveform generators: eos. If you have provided a transform that converted these into known parameters (e.g., mchirp, q to mass1, mass2) or you are using a custom model that uses these parameters, you can safely ignore this message.
WARNING:root:WARNING: The following parameters are generally not used by CBC waveform generators: eos. If you have provided a transform that converted these into known parameters (e.g., mchirp, q to mass1, mass2) or you are using a custom model that uses these parameters, you can safely ignore this message.
WARNING:root:WARNING: The following parameters are generally not used by CBC waveform generators: eos. If you have provided a transform that converted these into known parameters (e.g., mchirp, q to mass1, mass2) or you are using a custom model that uses these parameters, you can safely ignore this message.
WARNING:root:WARNING: The following parameters are generally not used by CBC waveform generators: eos. If you have provided a transform that converted these into known parameters (e.g., mchirp, q to mass1, mass2) or you are using a custom model that uses these parameters, you can safely ignore this message.
WARNING:root:WARNING: The following parameters are generally not used by CBC waveform generators: eos. If you have provided a transform that converted these into known parameters (e.g., mchirp, q to mass1, mass2) or you are using a custom model that uses these parameters, you can safely ignore this message.
WARNING:root:WARNING: The following parameters are generally not used by CBC waveform generators: eos. If you have provided a transform that converted these into known parameters (e.g., mchirp, q to mass1, mass2) or you are using a custom model that uses these parameters, you can safely ignore this message.
WARNING:root:WARNING: The following parameters are generally not used by CBC waveform generators: eos. If you have provided a transform that converted these into known parameters (e.g., mchirp, q to mass1, mass2) or you are using a custom model that uses these parameters, you can safely ignore this message.
WARNING:root:WARNING: The following parameters are generally not used by CBC waveform generators: eos. If you have provided a transform that converted these into known parameters (e.g., mchirp, q to mass1, mass2) or you are using a custom model that uses these parameters, you can safely ignore this message.
WARNING:root:WARNING: The following parameters are generally not used by CBC waveform generators: eos. If you have provided a transform that converted these into known parameters (e.g., mchirp, q to mass1, mass2) or you are using a custom model that uses these parameters, you can safely ignore this message.
WARNING:root:WARNING: The following parameters are generally not used by CBC waveform generators: eos. If you have provided a transform that converted these into known parameters (e.g., mchirp, q to mass1, mass2) or you are using a custom model that uses these parameters, you can safely ignore this message.
WARNING:root:WARNING: The following parameters are generally not used by CBC waveform generators: eos. If you have provided a transform that converted these into known parameters (e.g., mchirp, q to mass1, mass2) or you are using a custom model that uses these parameters, you can safely ignore this message.
WARNING:root:WARNING: The following parameters are generally not used by CBC waveform generators: eos. If you have provided a transform that converted these into known parameters (e.g., mchirp, q to mass1, mass2) or you are using a custom model that uses these parameters, you can safely ignore this message.
WARNING:root:WARNING: The following parameters are generally not used by CBC waveform generators: eos. If you have provided a transform that converted these into known parameters (e.g., mchirp, q to mass1, mass2) or you are using a custom model that uses these parameters, you can safely ignore this message.
WARNING:root:WARNING: The following parameters are generally not used by CBC waveform generators: eos. If you have provided a transform that converted these into known parameters (e.g., mchirp, q to mass1, mass2) or you are using a custom model that uses these parameters, you can safely ignore this message.
WARNING:root:WARNING: The following parameters are generally not used by CBC waveform generators: eos. If you have provided a transform that converted these into known parameters (e.g., mchirp, q to mass1, mass2) or you are using a custom model that uses these parameters, you can safely ignore this message.
WARNING:root:WARNING: The following parameters are generally not used by CBC waveform generators: eos. If you have provided a transform that converted these into known parameters (e.g., mchirp, q to mass1, mass2) or you are using a custom model that uses these parameters, you can safely ignore this message.
WARNING:root:WARNING: The following parameters are generally not used by CBC waveform generators: eos. If you have provided a transform that converted these into known parameters (e.g., mchirp, q to mass1, mass2) or you are using a custom model that uses these parameters, you can safely ignore this message.
WARNING:root:WARNING: The following parameters are generally not used by CBC waveform generators: eos. If you have provided a transform that converted these into known parameters (e.g., mchirp, q to mass1, mass2) or you are using a custom model that uses these parameters, you can safely ignore this message.
WARNING:root:WARNING: The following parameters are generally not used by CBC waveform generators: eos. If you have provided a transform that converted these into known parameters (e.g., mchirp, q to mass1, mass2) or you are using a custom model that uses these parameters, you can safely ignore this message.
WARNING:root:WARNING: The following parameters are generally not used by CBC waveform generators: eos. If you have provided a transform that converted these into known parameters (e.g., mchirp, q to mass1, mass2) or you are using a custom model that uses these parameters, you can safely ignore this message.
WARNING:root:WARNING: The following parameters are generally not used by CBC waveform generators: eos. If you have provided a transform that converted these into known parameters (e.g., mchirp, q to mass1, mass2) or you are using a custom model that uses these parameters, you can safely ignore this message.
WARNING:root:WARNING: The following parameters are generally not used by CBC waveform generators: eos. If you have provided a transform that converted these into known parameters (e.g., mchirp, q to mass1, mass2) or you are using a custom model that uses these parameters, you can safely ignore this message.
WARNING:root:WARNING: The following parameters are generally not used by CBC waveform generators: eos. If you have provided a transform that converted these into known parameters (e.g., mchirp, q to mass1, mass2) or you are using a custom model that uses these parameters, you can safely ignore this message.
WARNING:root:WARNING: The following parameters are generally not used by CBC waveform generators: eos. If you have provided a transform that converted these into known parameters (e.g., mchirp, q to mass1, mass2) or you are using a custom model that uses these parameters, you can safely ignore this message.
WARNING:root:WARNING: The following parameters are generally not used by CBC waveform generators: eos. If you have provided a transform that converted these into known parameters (e.g., mchirp, q to mass1, mass2) or you are using a custom model that uses these parameters, you can safely ignore this message.
WARNING:root:WARNING: The following parameters are generally not used by CBC waveform generators: eos. If you have provided a transform that converted these into known parameters (e.g., mchirp, q to mass1, mass2) or you are using a custom model that uses these parameters, you can safely ignore this message.
WARNING:root:WARNING: The following parameters are generally not used by CBC waveform generators: eos. If you have provided a transform that converted these into known parameters (e.g., mchirp, q to mass1, mass2) or you are using a custom model that uses these parameters, you can safely ignore this message.
WARNING:root:WARNING: The following parameters are generally not used by CBC waveform generators: eos. If you have provided a transform that converted these into known parameters (e.g., mchirp, q to mass1, mass2) or you are using a custom model that uses these parameters, you can safely ignore this message.
WARNING:root:WARNING: The following parameters are generally not used by CBC waveform generators: eos. If you have provided a transform that converted these into known parameters (e.g., mchirp, q to mass1, mass2) or you are using a custom model that uses these parameters, you can safely ignore this message.
WARNING:root:WARNING: The following parameters are generally not used by CBC waveform generators: eos. If you have provided a transform that converted these into known parameters (e.g., mchirp, q to mass1, mass2) or you are using a custom model that uses these parameters, you can safely ignore this message.
WARNING:root:WARNING: The following parameters are generally not used by CBC waveform generators: eos. If you have provided a transform that converted these into known parameters (e.g., mchirp, q to mass1, mass2) or you are using a custom model that uses these parameters, you can safely ignore this message.
WARNING:root:WARNING: The following parameters are generally not used by CBC waveform generators: eos. If you have provided a transform that converted these into known parameters (e.g., mchirp, q to mass1, mass2) or you are using a custom model that uses these parameters, you can safely ignore this message.
WARNING:root:WARNING: The following parameters are generally not used by CBC waveform generators: eos. If you have provided a transform that converted these into known parameters (e.g., mchirp, q to mass1, mass2) or you are using a custom model that uses these parameters, you can safely ignore this message.
WARNING:root:WARNING: The following parameters are generally not used by CBC waveform generators: eos. If you have provided a transform that converted these into known parameters (e.g., mchirp, q to mass1, mass2) or you are using a custom model that uses these parameters, you can safely ignore this message.
WARNING:root:WARNING: The following parameters are generally not used by CBC waveform generators: eos. If you have provided a transform that converted these into known parameters (e.g., mchirp, q to mass1, mass2) or you are using a custom model that uses these parameters, you can safely ignore this message.
WARNING:root:WARNING: The following parameters are generally not used by CBC waveform generators: eos. If you have provided a transform that converted these into known parameters (e.g., mchirp, q to mass1, mass2) or you are using a custom model that uses these parameters, you can safely ignore this message.
WARNING:root:WARNING: The following parameters are generally not used by CBC waveform generators: eos. If you have provided a transform that converted these into known parameters (e.g., mchirp, q to mass1, mass2) or you are using a custom model that uses these parameters, you can safely ignore this message.
WARNING:root:WARNING: The following parameters are generally not used by CBC waveform generators: eos. If you have provided a transform that converted these into known parameters (e.g., mchirp, q to mass1, mass2) or you are using a custom model that uses these parameters, you can safely ignore this message.
WARNING:root:WARNING: The following parameters are generally not used by CBC waveform generators: eos. If you have provided a transform that converted these into known parameters (e.g., mchirp, q to mass1, mass2) or you are using a custom model that uses these parameters, you can safely ignore this message.
WARNING:root:WARNING: The following parameters are generally not used by CBC waveform generators: eos. If you have provided a transform that converted these into known parameters (e.g., mchirp, q to mass1, mass2) or you are using a custom model that uses these parameters, you can safely ignore this message.
WARNING:root:WARNING: The following parameters are generally not used by CBC waveform generators: eos. If you have provided a transform that converted these into known parameters (e.g., mchirp, q to mass1, mass2) or you are using a custom model that uses these parameters, you can safely ignore this message.
WARNING:root:WARNING: The following parameters are generally not used by CBC waveform generators: eos. If you have provided a transform that converted these into known parameters (e.g., mchirp, q to mass1, mass2) or you are using a custom model that uses these parameters, you can safely ignore this message.
WARNING:root:WARNING: The following parameters are generally not used by CBC waveform generators: eos. If you have provided a transform that converted these into known parameters (e.g., mchirp, q to mass1, mass2) or you are using a custom model that uses these parameters, you can safely ignore this message.
WARNING:root:WARNING: The following parameters are generally not used by CBC waveform generators: eos. If you have provided a transform that converted these into known parameters (e.g., mchirp, q to mass1, mass2) or you are using a custom model that uses these parameters, you can safely ignore this message.
WARNING:root:WARNING: The following parameters are generally not used by CBC waveform generators: eos. If you have provided a transform that converted these into known parameters (e.g., mchirp, q to mass1, mass2) or you are using a custom model that uses these parameters, you can safely ignore this message.
WARNING:root:WARNING: The following parameters are generally not used by CBC waveform generators: eos. If you have provided a transform that converted these into known parameters (e.g., mchirp, q to mass1, mass2) or you are using a custom model that uses these parameters, you can safely ignore this message.
WARNING:root:WARNING: The following parameters are generally not used by CBC waveform generators: eos. If you have provided a transform that converted these into known parameters (e.g., mchirp, q to mass1, mass2) or you are using a custom model that uses these parameters, you can safely ignore this message.
WARNING:root:WARNING: The following parameters are generally not used by CBC waveform generators: eos. If you have provided a transform that converted these into known parameters (e.g., mchirp, q to mass1, mass2) or you are using a custom model that uses these parameters, you can safely ignore this message.
WARNING:root:WARNING: The following parameters are generally not used by CBC waveform generators: eos. If you have provided a transform that converted these into known parameters (e.g., mchirp, q to mass1, mass2) or you are using a custom model that uses these parameters, you can safely ignore this message.
WARNING:root:WARNING: The following parameters are generally not used by CBC waveform generators: eos. If you have provided a transform that converted these into known parameters (e.g., mchirp, q to mass1, mass2) or you are using a custom model that uses these parameters, you can safely ignore this message.
WARNING:root:WARNING: The following parameters are generally not used by CBC waveform generators: eos. If you have provided a transform that converted these into known parameters (e.g., mchirp, q to mass1, mass2) or you are using a custom model that uses these parameters, you can safely ignore this message.
WARNING:root:WARNING: The following parameters are generally not used by CBC waveform generators: eos. If you have provided a transform that converted these into known parameters (e.g., mchirp, q to mass1, mass2) or you are using a custom model that uses these parameters, you can safely ignore this message.
WARNING:root:WARNING: The following parameters are generally not used by CBC waveform generators: eos. If you have provided a transform that converted these into known parameters (e.g., mchirp, q to mass1, mass2) or you are using a custom model that uses these parameters, you can safely ignore this message.
WARNING:root:WARNING: The following parameters are generally not used by CBC waveform generators: eos. If you have provided a transform that converted these into known parameters (e.g., mchirp, q to mass1, mass2) or you are using a custom model that uses these parameters, you can safely ignore this message.
WARNING:root:WARNING: The following parameters are generally not used by CBC waveform generators: eos. If you have provided a transform that converted these into known parameters (e.g., mchirp, q to mass1, mass2) or you are using a custom model that uses these parameters, you can safely ignore this message.
WARNING:root:WARNING: The following parameters are generally not used by CBC waveform generators: eos. If you have provided a transform that converted these into known parameters (e.g., mchirp, q to mass1, mass2) or you are using a custom model that uses these parameters, you can safely ignore this message.
WARNING:root:WARNING: The following parameters are generally not used by CBC waveform generators: eos. If you have provided a transform that converted these into known parameters (e.g., mchirp, q to mass1, mass2) or you are using a custom model that uses these parameters, you can safely ignore this message.
WARNING:root:WARNING: The following parameters are generally not used by CBC waveform generators: eos. If you have provided a transform that converted these into known parameters (e.g., mchirp, q to mass1, mass2) or you are using a custom model that uses these parameters, you can safely ignore this message.
WARNING:root:WARNING: The following parameters are generally not used by CBC waveform generators: eos. If you have provided a transform that converted these into known parameters (e.g., mchirp, q to mass1, mass2) or you are using a custom model that uses these parameters, you can safely ignore this message.
WARNING:root:WARNING: The following parameters are generally not used by CBC waveform generators: eos. If you have provided a transform that converted these into known parameters (e.g., mchirp, q to mass1, mass2) or you are using a custom model that uses these parameters, you can safely ignore this message.
WARNING:root:WARNING: The following parameters are generally not used by CBC waveform generators: eos. If you have provided a transform that converted these into known parameters (e.g., mchirp, q to mass1, mass2) or you are using a custom model that uses these parameters, you can safely ignore this message.
WARNING:root:WARNING: The following parameters are generally not used by CBC waveform generators: eos. If you have provided a transform that converted these into known parameters (e.g., mchirp, q to mass1, mass2) or you are using a custom model that uses these parameters, you can safely ignore this message.
WARNING:root:WARNING: The following parameters are generally not used by CBC waveform generators: eos. If you have provided a transform that converted these into known parameters (e.g., mchirp, q to mass1, mass2) or you are using a custom model that uses these parameters, you can safely ignore this message.
WARNING:root:WARNING: The following parameters are generally not used by CBC waveform generators: eos. If you have provided a transform that converted these into known parameters (e.g., mchirp, q to mass1, mass2) or you are using a custom model that uses these parameters, you can safely ignore this message.
WARNING:root:WARNING: The following parameters are generally not used by CBC waveform generators: eos. If you have provided a transform that converted these into known parameters (e.g., mchirp, q to mass1, mass2) or you are using a custom model that uses these parameters, you can safely ignore this message.
WARNING:root:WARNING: The following parameters are generally not used by CBC waveform generators: eos. If you have provided a transform that converted these into known parameters (e.g., mchirp, q to mass1, mass2) or you are using a custom model that uses these parameters, you can safely ignore this message.
WARNING:root:WARNING: The following parameters are generally not used by CBC waveform generators: eos. If you have provided a transform that converted these into known parameters (e.g., mchirp, q to mass1, mass2) or you are using a custom model that uses these parameters, you can safely ignore this message.
WARNING:root:WARNING: The following parameters are generally not used by CBC waveform generators: eos. If you have provided a transform that converted these into known parameters (e.g., mchirp, q to mass1, mass2) or you are using a custom model that uses these parameters, you can safely ignore this message.
WARNING:root:WARNING: The following parameters are generally not used by CBC waveform generators: eos. If you have provided a transform that converted these into known parameters (e.g., mchirp, q to mass1, mass2) or you are using a custom model that uses these parameters, you can safely ignore this message.
WARNING:root:WARNING: The following parameters are generally not used by CBC waveform generators: eos. If you have provided a transform that converted these into known parameters (e.g., mchirp, q to mass1, mass2) or you are using a custom model that uses these parameters, you can safely ignore this message.
WARNING:root:WARNING: The following parameters are generally not used by CBC waveform generators: eos. If you have provided a transform that converted these into known parameters (e.g., mchirp, q to mass1, mass2) or you are using a custom model that uses these parameters, you can safely ignore this message.
WARNING:root:WARNING: The following parameters are generally not used by CBC waveform generators: eos. If you have provided a transform that converted these into known parameters (e.g., mchirp, q to mass1, mass2) or you are using a custom model that uses these parameters, you can safely ignore this message.
WARNING:root:WARNING: The following parameters are generally not used by CBC waveform generators: eos. If you have provided a transform that converted these into known parameters (e.g., mchirp, q to mass1, mass2) or you are using a custom model that uses these parameters, you can safely ignore this message.
WARNING:root:WARNING: The following parameters are generally not used by CBC waveform generators: eos. If you have provided a transform that converted these into known parameters (e.g., mchirp, q to mass1, mass2) or you are using a custom model that uses these parameters, you can safely ignore this message.
WARNING:root:WARNING: The following parameters are generally not used by CBC waveform generators: eos. If you have provided a transform that converted these into known parameters (e.g., mchirp, q to mass1, mass2) or you are using a custom model that uses these parameters, you can safely ignore this message.
WARNING:root:WARNING: The following parameters are generally not used by CBC waveform generators: eos. If you have provided a transform that converted these into known parameters (e.g., mchirp, q to mass1, mass2) or you are using a custom model that uses these parameters, you can safely ignore this message.
WARNING:root:WARNING: The following parameters are generally not used by CBC waveform generators: eos. If you have provided a transform that converted these into known parameters (e.g., mchirp, q to mass1, mass2) or you are using a custom model that uses these parameters, you can safely ignore this message.
WARNING:root:WARNING: The following parameters are generally not used by CBC waveform generators: eos. If you have provided a transform that converted these into known parameters (e.g., mchirp, q to mass1, mass2) or you are using a custom model that uses these parameters, you can safely ignore this message.
WARNING:root:WARNING: The following parameters are generally not used by CBC waveform generators: eos. If you have provided a transform that converted these into known parameters (e.g., mchirp, q to mass1, mass2) or you are using a custom model that uses these parameters, you can safely ignore this message.
WARNING:root:WARNING: The following parameters are generally not used by CBC waveform generators: eos. If you have provided a transform that converted these into known parameters (e.g., mchirp, q to mass1, mass2) or you are using a custom model that uses these parameters, you can safely ignore this message.
WARNING:root:WARNING: The following parameters are generally not used by CBC waveform generators: eos. If you have provided a transform that converted these into known parameters (e.g., mchirp, q to mass1, mass2) or you are using a custom model that uses these parameters, you can safely ignore this message.
WARNING:root:WARNING: The following parameters are generally not used by CBC waveform generators: eos. If you have provided a transform that converted these into known parameters (e.g., mchirp, q to mass1, mass2) or you are using a custom model that uses these parameters, you can safely ignore this message.
WARNING:root:WARNING: The following parameters are generally not used by CBC waveform generators: eos. If you have provided a transform that converted these into known parameters (e.g., mchirp, q to mass1, mass2) or you are using a custom model that uses these parameters, you can safely ignore this message.
WARNING:root:WARNING: The following parameters are generally not used by CBC waveform generators: eos. If you have provided a transform that converted these into known parameters (e.g., mchirp, q to mass1, mass2) or you are using a custom model that uses these parameters, you can safely ignore this message.
WARNING:root:WARNING: The following parameters are generally not used by CBC waveform generators: eos. If you have provided a transform that converted these into known parameters (e.g., mchirp, q to mass1, mass2) or you are using a custom model that uses these parameters, you can safely ignore this message.
WARNING:root:WARNING: The following parameters are generally not used by CBC waveform generators: eos. If you have provided a transform that converted these into known parameters (e.g., mchirp, q to mass1, mass2) or you are using a custom model that uses these parameters, you can safely ignore this message.
WARNING:root:WARNING: The following parameters are generally not used by CBC waveform generators: eos. If you have provided a transform that converted these into known parameters (e.g., mchirp, q to mass1, mass2) or you are using a custom model that uses these parameters, you can safely ignore this message.
WARNING:root:WARNING: The following parameters are generally not used by CBC waveform generators: eos. If you have provided a transform that converted these into known parameters (e.g., mchirp, q to mass1, mass2) or you are using a custom model that uses these parameters, you can safely ignore this message.
WARNING:root:WARNING: The following parameters are generally not used by CBC waveform generators: eos. If you have provided a transform that converted these into known parameters (e.g., mchirp, q to mass1, mass2) or you are using a custom model that uses these parameters, you can safely ignore this message.
WARNING:root:WARNING: The following parameters are generally not used by CBC waveform generators: eos. If you have provided a transform that converted these into known parameters (e.g., mchirp, q to mass1, mass2) or you are using a custom model that uses these parameters, you can safely ignore this message.
WARNING:root:WARNING: The following parameters are generally not used by CBC waveform generators: eos. If you have provided a transform that converted these into known parameters (e.g., mchirp, q to mass1, mass2) or you are using a custom model that uses these parameters, you can safely ignore this message.
WARNING:root:WARNING: The following parameters are generally not used by CBC waveform generators: eos. If you have provided a transform that converted these into known parameters (e.g., mchirp, q to mass1, mass2) or you are using a custom model that uses these parameters, you can safely ignore this message.
WARNING:root:WARNING: The following parameters are generally not used by CBC waveform generators: eos. If you have provided a transform that converted these into known parameters (e.g., mchirp, q to mass1, mass2) or you are using a custom model that uses these parameters, you can safely ignore this message.
WARNING:root:WARNING: The following parameters are generally not used by CBC waveform generators: eos. If you have provided a transform that converted these into known parameters (e.g., mchirp, q to mass1, mass2) or you are using a custom model that uses these parameters, you can safely ignore this message.
WARNING:root:WARNING: The following parameters are generally not used by CBC waveform generators: eos. If you have provided a transform that converted these into known parameters (e.g., mchirp, q to mass1, mass2) or you are using a custom model that uses these parameters, you can safely ignore this message.
WARNING:root:WARNING: The following parameters are generally not used by CBC waveform generators: eos. If you have provided a transform that converted these into known parameters (e.g., mchirp, q to mass1, mass2) or you are using a custom model that uses these parameters, you can safely ignore this message.
WARNING:root:WARNING: The following parameters are generally not used by CBC waveform generators: eos. If you have provided a transform that converted these into known parameters (e.g., mchirp, q to mass1, mass2) or you are using a custom model that uses these parameters, you can safely ignore this message.
WARNING:root:WARNING: The following parameters are generally not used by CBC waveform generators: eos. If you have provided a transform that converted these into known parameters (e.g., mchirp, q to mass1, mass2) or you are using a custom model that uses these parameters, you can safely ignore this message.
WARNING:root:WARNING: The following parameters are generally not used by CBC waveform generators: eos. If you have provided a transform that converted these into known parameters (e.g., mchirp, q to mass1, mass2) or you are using a custom model that uses these parameters, you can safely ignore this message.
WARNING:root:WARNING: The following parameters are generally not used by CBC waveform generators: eos. If you have provided a transform that converted these into known parameters (e.g., mchirp, q to mass1, mass2) or you are using a custom model that uses these parameters, you can safely ignore this message.
WARNING:root:WARNING: The following parameters are generally not used by CBC waveform generators: eos. If you have provided a transform that converted these into known parameters (e.g., mchirp, q to mass1, mass2) or you are using a custom model that uses these parameters, you can safely ignore this message.
WARNING:root:WARNING: The following parameters are generally not used by CBC waveform generators: eos. If you have provided a transform that converted these into known parameters (e.g., mchirp, q to mass1, mass2) or you are using a custom model that uses these parameters, you can safely ignore this message.
WARNING:root:WARNING: The following parameters are generally not used by CBC waveform generators: eos. If you have provided a transform that converted these into known parameters (e.g., mchirp, q to mass1, mass2) or you are using a custom model that uses these parameters, you can safely ignore this message.
WARNING:root:WARNING: The following parameters are generally not used by CBC waveform generators: eos. If you have provided a transform that converted these into known parameters (e.g., mchirp, q to mass1, mass2) or you are using a custom model that uses these parameters, you can safely ignore this message.
WARNING:root:WARNING: The following parameters are generally not used by CBC waveform generators: eos. If you have provided a transform that converted these into known parameters (e.g., mchirp, q to mass1, mass2) or you are using a custom model that uses these parameters, you can safely ignore this message.
WARNING:root:WARNING: The following parameters are generally not used by CBC waveform generators: eos. If you have provided a transform that converted these into known parameters (e.g., mchirp, q to mass1, mass2) or you are using a custom model that uses these parameters, you can safely ignore this message.
WARNING:root:WARNING: The following parameters are generally not used by CBC waveform generators: eos. If you have provided a transform that converted these into known parameters (e.g., mchirp, q to mass1, mass2) or you are using a custom model that uses these parameters, you can safely ignore this message.
WARNING:root:WARNING: The following parameters are generally not used by CBC waveform generators: eos. If you have provided a transform that converted these into known parameters (e.g., mchirp, q to mass1, mass2) or you are using a custom model that uses these parameters, you can safely ignore this message.
WARNING:root:WARNING: The following parameters are generally not used by CBC waveform generators: eos. If you have provided a transform that converted these into known parameters (e.g., mchirp, q to mass1, mass2) or you are using a custom model that uses these parameters, you can safely ignore this message.
WARNING:root:WARNING: The following parameters are generally not used by CBC waveform generators: eos. If you have provided a transform that converted these into known parameters (e.g., mchirp, q to mass1, mass2) or you are using a custom model that uses these parameters, you can safely ignore this message.
WARNING:root:WARNING: The following parameters are generally not used by CBC waveform generators: eos. If you have provided a transform that converted these into known parameters (e.g., mchirp, q to mass1, mass2) or you are using a custom model that uses these parameters, you can safely ignore this message.
WARNING:root:WARNING: The following parameters are generally not used by CBC waveform generators: eos. If you have provided a transform that converted these into known parameters (e.g., mchirp, q to mass1, mass2) or you are using a custom model that uses these parameters, you can safely ignore this message.
WARNING:root:WARNING: The following parameters are generally not used by CBC waveform generators: eos. If you have provided a transform that converted these into known parameters (e.g., mchirp, q to mass1, mass2) or you are using a custom model that uses these parameters, you can safely ignore this message.
WARNING:root:WARNING: The following parameters are generally not used by CBC waveform generators: eos. If you have provided a transform that converted these into known parameters (e.g., mchirp, q to mass1, mass2) or you are using a custom model that uses these parameters, you can safely ignore this message.
WARNING:root:WARNING: The following parameters are generally not used by CBC waveform generators: eos. If you have provided a transform that converted these into known parameters (e.g., mchirp, q to mass1, mass2) or you are using a custom model that uses these parameters, you can safely ignore this message.
WARNING:root:WARNING: The following parameters are generally not used by CBC waveform generators: eos. If you have provided a transform that converted these into known parameters (e.g., mchirp, q to mass1, mass2) or you are using a custom model that uses these parameters, you can safely ignore this message.
WARNING:root:WARNING: The following parameters are generally not used by CBC waveform generators: eos. If you have provided a transform that converted these into known parameters (e.g., mchirp, q to mass1, mass2) or you are using a custom model that uses these parameters, you can safely ignore this message.
WARNING:root:WARNING: The following parameters are generally not used by CBC waveform generators: eos. If you have provided a transform that converted these into known parameters (e.g., mchirp, q to mass1, mass2) or you are using a custom model that uses these parameters, you can safely ignore this message.
WARNING:root:WARNING: The following parameters are generally not used by CBC waveform generators: eos. If you have provided a transform that converted these into known parameters (e.g., mchirp, q to mass1, mass2) or you are using a custom model that uses these parameters, you can safely ignore this message.
WARNING:root:WARNING: The following parameters are generally not used by CBC waveform generators: eos. If you have provided a transform that converted these into known parameters (e.g., mchirp, q to mass1, mass2) or you are using a custom model that uses these parameters, you can safely ignore this message.
WARNING:root:WARNING: The following parameters are generally not used by CBC waveform generators: eos. If you have provided a transform that converted these into known parameters (e.g., mchirp, q to mass1, mass2) or you are using a custom model that uses these parameters, you can safely ignore this message.
WARNING:root:WARNING: The following parameters are generally not used by CBC waveform generators: eos. If you have provided a transform that converted these into known parameters (e.g., mchirp, q to mass1, mass2) or you are using a custom model that uses these parameters, you can safely ignore this message.
slurmstepd: error: *** STEP 11017732.0 ON nid004225 CANCELLED AT 2023-07-03T16:58:00 DUE TO TIME LIMIT ***
